<?xml version="1.0" encoding="UTF-8"?>
<!-- Generated by org.testng.reporters.JUnitXMLReporter -->
<testsuite hostname="DESKTOP-2F9I86H" ignored="1" name="Default test" tests="2" failures="0" timestamp="2020-06-10T10:10:08 IST" time="9.487" errors="0">
  <testcase name="getTweet" time="9.365" classname="TwitterAPI.AddTweet"/>
  <testcase name="delTweet" time="0.005" classname="TwitterAPI.AddTweet"/>
  <testcase name="addTweet" time="0.0" classname="TwitterAPI.AddTweet">
    <ignored/>
  </testcase> <!-- addTweet -->
</testsuite> <!-- Default test -->
